<?xml version="1.0" encoding="utf-8"?><testsuites><testsuite errors="1" failures="0" hostname="USER-20191013TX" name="pytest" skipped="0" tests="1" time="0.218" timestamp="2020-02-17T09:37:29.830991"><testcase classname="" file="scripts/test3.py" name="scripts.test3" time="0.000"><error message="collection failure">ImportError while importing test module &apos;D:\untitled\pytestDemo\scripts\test3.py&apos;.
Hint: make sure your test modules/packages have valid Python names.
Traceback:
scripts\test3.py:4: in &lt;module&gt;
    from scripts.util import get_driver
E   ImportError: No module named &apos;scripts&apos;</error></testcase></testsuite></testsuites>